
> dragun-app@0.1.1 dev
> next dev

⚠ Port 3000 is in use by an unknown process, using available port 3001 instead.
▲ Next.js 16.1.6 (Turbopack)
- Local:         http://localhost:3001
- Network:       http://192.168.0.2:3001
- Environments: .env.local
- Experiments (use with caution):
  · clientTraceMetadata

✓ Starting...
⚠ The "middleware" file convention is deprecated. Please use "proxy" instead. Learn more: https://nextjs.org/docs/messages/middleware-to-proxy
[env] No AI provider configured. Set GROQ_API_KEY or use AI_PROVIDER=local with a local server. AI features will be stubbed (e.g. /api/chat unavailable) but the rest of the app will remain operational.
✓ Ready in 2.4s
✦Aj WARN Arcjet will use 127.0.0.1 when missing public IP address in development mode
○ Compiling /_not-found/page ...
 GET /en 404 in 4.8s (compile: 4.3s, proxy.ts: 11ms, render: 455ms)
 GET /index.html 404 in 67ms (compile: 10ms, render: 57ms)
 GET /en 404 in 100ms (compile: 31ms, proxy.ts: 11ms, render: 59ms)
 GET /index.html 404 in 56ms (compile: 7ms, render: 49ms)
/*! 🌼 daisyUI 5.5.19 */
○ Compiling /[locale] ...
[?25h
